[backblue.gif]
[fade.gif]
[index.html]
[in.integracommerce.com.br/scripts/jquery-2.1.3.min.js]
[in.integracommerce.com.br/scripts/jquery.unobtrusive-ajax.min.js]
[in.integracommerce.com.br/content/images/logoMagazineMkp.png]
[in.integracommerce.com.br/scripts/owl.carousel.min.js]
[in.integracommerce.com.br/content/images/astronautaIntegrav2.jpg]
[in.integracommerce.com.br/scripts/bootstrap.min.js]
[in.integracommerce.com.br/scripts/modernizr-2.6.2.js]
[in.integracommerce.com.br/index.html]
[in.integracommerce.com.br/fonts/glyphicons-halflings-regular.eot]
[in.integracommerce.com.br/fonts/glyphicons-halflings-regulard41d.eot]
[in.integracommerce.com.br/fonts/glyphicons-halflings-regular.woff]
[in.integracommerce.com.br/fonts/glyphicons-halflings-regular.ttf]
[in.integracommerce.com.br/content/bootstrap.css]
[in.integracommerce.com.br/content/Site.css]
[in.integracommerce.com.br/content/animate.css]
[in.integracommerce.com.br/Home.html]
[in.integracommerce.com.br/About/Api.html]
[in.integracommerce.com.br/Documentation/Authentication.html]
[in.integracommerce.com.br/content/images/fluxoNormalOrder.png]
[in.integracommerce.com.br/Documentation/Resources.html]
[in.integracommerce.com.br/Documentation/Patterns.html]
[in.integracommerce.com.br/Documentation/Orders.html]
[in.integracommerce.com.br/swagger/favicon-32x32.png]
[in.integracommerce.com.br/swagger/favicon-16x16.png]
[in.integracommerce.com.br/swagger/swagger-ui-bundle.js]
[in.integracommerce.com.br/swagger/swagger-ui-standalone-preset.js]
[in.integracommerce.com.br/swagger/index.html]
[in.integracommerce.com.br/content/owl.carousel.css]
[in.integracommerce.com.br/content/owl.theme.css]
[in.integracommerce.com.br/Documentation/Resources/index.html]
[in.integracommerce.com.br/fonts/glyphicons-halflings-regular.svg]
[in.integracommerce.com.br/swagger/swagger-ui.css]
[in.integracommerce.com.br/swagger/oauth2-redirect.html]
[in.integracommerce.com.br/content/grabbing.json]
[in.integracommerce.com.br/content/AjaxLoader.json]
